00:00:00.001796 main     VirtualBox XPCOM Server 6.0.12 r132055 linux.amd64 (Sep 17 2019 10:48:12) release log
00:00:00.001799 main     Log opened 2019-10-13T19:45:28.122789000Z
00:00:00.001800 main     Build Type: release
00:00:00.001802 main     OS Product: Linux
00:00:00.001804 main     OS Release: 5.3.5-arch1-1-ARCH
00:00:00.001805 main     OS Version: #1 SMP PREEMPT Mon Oct 7 19:03:08 UTC 2019
00:00:00.001832 main     DMI Product Name: iX101B2
00:00:00.001842 main     DMI Product Version: 0.1
00:00:00.001878 main     Host RAM: 7853MB (7.6GB) total, 4550MB (4.4GB) available
00:00:00.001881 main     Executable: /usr/lib/virtualbox/VBoxSVC
00:00:00.001882 main     Process ID: 57037
00:00:00.001883 main     Package type: LINUX_64BITS_GENERIC (OSE)
00:00:00.004060 main     IPC socket path: /tmp/.vbox-jacobnorth-ipc/ipcd
00:00:00.118459 nspr-2   VirtualBox: object creation starts
00:00:00.118507 nspr-2   Home directory: '/home/jacobnorth/.config/VirtualBox'
00:00:00.118719 nspr-2   Loading settings file "/home/jacobnorth/.config/VirtualBox/VirtualBox.xml" with version "1.12-linux"
00:00:00.126907 nspr-2   NetIfAdpCtlOut: VBoxNetAdpCtl: Error while retrieving link speed for wwan0: VBoxNetAdpCtl: ioctl failed: Operation not supported
00:00:00.131619 nspr-2   NetIfAdpCtlOut: VBoxNetAdpCtl: Error while retrieving link speed for wlp2s0: VBoxNetAdpCtl: ioctl failed: Operation not supported
00:00:00.132153 nspr-2   NAT: resolv.conf: nameserver 192.168.0.1
00:00:00.132166 nspr-2   NAT: resolv.conf: nameserver 205.171.2.25
00:00:00.132178 nspr-2   HostDnsMonitor::updateInfo
00:00:00.132192 nspr-2   HostDnsMonitor: old information
00:00:00.132194 nspr-2     no server entries
00:00:00.132197 nspr-2     no domain set
00:00:00.132199 nspr-2     no search string entries
00:00:00.132201 nspr-2   HostDnsMonitor: new information
00:00:00.132203 nspr-2     server 1: 192.168.0.1
00:00:00.132205 nspr-2     server 2: 205.171.2.25
00:00:00.132208 nspr-2     domain: Home
00:00:00.132210 nspr-2     no search string entries
00:00:00.134717 nspr-2   Failed to open "/dev/vboxdrvu", errno=2, rc=VERR_VM_DRIVER_NOT_INSTALLED
00:00:00.136123 nspr-2   VD: VDInit finished with VINF_SUCCESS
00:00:00.136857 nspr-2   ERROR [COM]: aRC=NS_ERROR_FAILURE (0x80004005) aIID={d55176e5-6730-4e9e-fc1f-a59b1f44f78f} aComponent={SystemPropertiesWrap} aText={Cannot determine default Guest Additions ISO location. Most likely they are not available}, preserve=false aResultDetail=0
00:00:00.141696 nspr-2   Loading settings file "/home/jacobnorth/VirtualBox VMs/Android/Android.vbox" with version "1.16-linux"
00:00:00.144345 nspr-2   VirtualBox: object created
00:00:00.655534 nspr-3   WARNING [COM]: aRC=NS_ERROR_FAILURE (0x80004005) aIID={dbe11e5f-7f10-46e7-94c4-1e95bf4b6627} aComponent={HostWrap} aText={VirtualBox is not currently allowed to access USB devices.  You can change this by adding your user to the 'vboxusers' group.  Please see the user manual for a more detailed explanation}, preserve=true  aResultDetail=0
00:00:00.684355 nspr-3   Failed to open "/dev/vboxdrvu", errno=2, rc=VERR_VM_DRIVER_NOT_INSTALLED
00:00:00.791926 nspr-3   WARNING [COM]: aRC=NS_ERROR_FAILURE (0x80004005) aIID={dbe11e5f-7f10-46e7-94c4-1e95bf4b6627} aComponent={HostWrap} aText={VirtualBox is not currently allowed to access USB devices.  You can change this by adding your user to the 'vboxusers' group.  Please see the user manual for a more detailed explanation}, preserve=true  aResultDetail=0
00:00:00.793366 nspr-3   WARNING [COM]: aRC=NS_ERROR_FAILURE (0x80004005) aIID={dbe11e5f-7f10-46e7-94c4-1e95bf4b6627} aComponent={HostWrap} aText={VirtualBox is not currently allowed to access USB devices.  You can change this by adding your user to the 'vboxusers' group.  Please see the user manual for a more detailed explanation}, preserve=true  aResultDetail=0
00:00:01.224570 nspr-2   Saving settings file "/home/jacobnorth/.config/VirtualBox/VirtualBox.xml" with version "1.12-linux"
00:00:01.234383 nspr-2   Saving settings file "/home/jacobnorth/.config/VirtualBox/VirtualBox.xml" with version "1.12-linux"
00:00:05.449217 nspr-2   Saving settings file "/home/jacobnorth/.config/VirtualBox/VirtualBox.xml" with version "1.12-linux"
00:00:05.962929 nspr-3   ERROR [COM]: aRC=E_ACCESSDENIED (0x80070005) aIID={ad47ad09-787b-44ab-b343-a082a3f2dfb1} aComponent={MediumWrap} aText={The object is not ready}, preserve=false aResultDetail=0
00:00:05.988423 nspr-3   Failed to open "/dev/vboxdrvu", errno=2, rc=VERR_VM_DRIVER_NOT_INSTALLED
00:00:05.998521 nspr-3   WARNING [COM]: aRC=NS_ERROR_FAILURE (0x80004005) aIID={dbe11e5f-7f10-46e7-94c4-1e95bf4b6627} aComponent={HostWrap} aText={VirtualBox is not currently allowed to access USB devices.  You can change this by adding your user to the 'vboxusers' group.  Please see the user manual for a more detailed explanation}, preserve=true  aResultDetail=0
00:00:06.004726 nspr-3   WARNING [COM]: aRC=NS_ERROR_FAILURE (0x80004005) aIID={dbe11e5f-7f10-46e7-94c4-1e95bf4b6627} aComponent={HostWrap} aText={VirtualBox is not currently allowed to access USB devices.  You can change this by adding your user to the 'vboxusers' group.  Please see the user manual for a more detailed explanation}, preserve=true  aResultDetail=0
00:00:08.066931 nspr-2   Saving settings file "/home/jacobnorth/.config/VirtualBox/VirtualBox.xml" with version "1.12-linux"
00:00:08.074844 nspr-3   Saving settings file "/home/jacobnorth/.config/VirtualBox/VirtualBox.xml" with version "1.12-linux"
00:00:13.593473 main     VirtualBox: object deletion starts
00:00:13.647941 Watcher  ERROR [COM]: aRC=E_ACCESSDENIED (0x80070005) aIID={d0a0163f-e254-4e5b-a1f2-011cf991c38d} aComponent={VirtualBoxWrap} aText={The object is not ready}, preserve=false aResultDetail=0
00:00:18.601263 main     {00007fc400013f00} HostPowerServiceLinux::~HostPowerServiceLinux: RTThreadWait() for 5000 ms failed with VERR_TIMEOUT
00:00:18.601761 main     VirtualBox: object deleted
